<?xml version="1.0" encoding="UTF-8"?>
<!-- Generated by org.testng.reporters.JUnitReportReporter -->
<testsuite ignored="0" hostname="DESKTOP-85JHL6T" failures="0" tests="1" name="CoolTesters.Selenium.AppTest" time="0.013" errors="0" timestamp="12 sep. 2020 13:50:53 GMT" skipped="0">
  <testcase classname="CoolTesters.Selenium.AppTest" name="shouldAnswerWithTrue" time="0.013"/>
</testsuite> <!-- CoolTesters.Selenium.AppTest -->
